<?xml version="1.0" encoding="UTF-8"?>
<!-- Generated by org.testng.reporters.JUnitReportReporter -->
<testsuite hostname="DESKTOP-LC2OIGE" failures="0" tests="1" name="vtiger.Tc_002_CreateContact_org_Test" time="37.169" errors="0" timestamp="2021-10-09T11:36:41 IST" skipped="0">
  <testcase classname="vtiger.Tc_002_CreateContact_org_Test" name="CreateContactTestWindowHandle" time="37.169"/>
  <system-out/>
</testsuite> <!-- vtiger.Tc_002_CreateContact_org_Test -->
