<?xml version="1.0" encoding="UTF-8"?>
<!-- Generated by org.testng.reporters.JUnitReportReporter -->
<testsuite hostname="DESKTOP-LC2OIGE" failures="0" tests="1" name="com.contact.Tc_002_CreateContact_Reports_Test" time="32.349" errors="0" timestamp="2021-10-09T16:11:56 IST" skipped="0">
  <testcase classname="com.contact.Tc_002_CreateContact_Reports_Test" name="Tc002_CreateContactwithReports" time="32.349"/>
  <system-out/>
</testsuite> <!-- com.contact.Tc_002_CreateContact_Reports_Test -->
