<?xml version="1.0" encoding="UTF-8"?>
<!-- Generated by org.testng.reporters.JUnitReportReporter -->
<testsuite hostname="DESKTOP-LC2OIGE" failures="0" tests="1" name="com.contact.Tc_005_CreateContact_Data_Test" time="23.857" errors="0" timestamp="2021-10-10T23:07:14 IST" skipped="0">
  <testcase classname="com.contact.Tc_005_CreateContact_Data_Test" name="Tc_CreateContactDatawithAddress" time="23.857"/>
  <system-out/>
</testsuite> <!-- com.contact.Tc_005_CreateContact_Data_Test -->
