<?xml version="1.0" encoding="UTF-8"?>
<!-- Generated by org.testng.reporters.JUnitReportReporter -->
<testsuite hostname="DESKTOP-LC2OIGE" failures="0" tests="1" name="vtiger.CreateContactTc_001" time="33.916" errors="0" timestamp="2021-10-08T15:03:17 IST" skipped="0">
  <testcase classname="vtiger.CreateContactTc_001" name="CreatecontactTest" time="33.916"/>
  <system-out/>
</testsuite> <!-- vtiger.CreateContactTc_001 -->
