<?xml version="1.0" encoding="UTF-8"?>
<!-- Generated by org.testng.reporters.JUnitReportReporter -->
<testsuite hostname="DESKTOP-LC2OIGE" failures="0" tests="1" name="com.contact.Tc_001_CreateContact_Email_Test" time="33.108" errors="0" timestamp="2021-10-09T12:45:18 IST" skipped="0">
  <testcase classname="com.contact.Tc_001_CreateContact_Email_Test" name="Tc001_CreateContactwithEmail" time="33.108"/>
  <system-out/>
</testsuite> <!-- com.contact.Tc_001_CreateContact_Email_Test -->
