<?xml version="1.0" encoding="UTF-8"?>
<!-- Generated by org.testng.reporters.JUnitReportReporter -->
<testsuite hostname="DESKTOP-LC2OIGE" failures="0" tests="1" name="com.SwiZo.escort.CreateLeadTest" time="14.452" errors="0" timestamp="2021-09-09T10:52:11 IST" skipped="0">
  <testcase classname="com.SwiZo.escort.CreateLeadTest" name="main" time="14.452"/>
  <system-out/>
</testsuite> <!-- com.SwiZo.escort.CreateLeadTest -->
