<?xml version="1.0" encoding="UTF-8"?>
<!-- Generated by org.testng.reporters.JUnitReportReporter -->
<testsuite hostname="DESKTOP-LC2OIGE" failures="0" tests="1" name="com.SwiZo.crusade.CampaignTest" time="16.682" errors="0" timestamp="2021-09-13T13:45:19 IST" skipped="0">
  <testcase classname="com.SwiZo.crusade.CampaignTest" name="run" time="16.682"/>
  <system-out/>
</testsuite> <!-- com.SwiZo.crusade.CampaignTest -->
