<?xml version="1.0" encoding="UTF-8"?>
<!-- Generated by org.testng.reporters.JUnitReportReporter -->
<testsuite hostname="DESKTOP-LC2OIGE" failures="0" tests="1" name="com.SwiZo.GenericLib.CustomReports" time="1.406" errors="0" timestamp="2021-09-17T17:40:34 IST" skipped="0">
  <testcase classname="com.SwiZo.GenericLib.CustomReports" name="runReports" time="1.406"/>
  <system-out/>
</testsuite> <!-- com.SwiZo.GenericLib.CustomReports -->
