<?xml version="1.0" encoding="UTF-8"?>
<!-- Generated by org.testng.reporters.JUnitReportReporter -->
<testsuite hostname="DESKTOP-LC2OIGE" failures="0" tests="1" name="com.SwiZo.ability.PTTest" time="15.214" errors="0" timestamp="2021-09-30T18:25:39 IST" skipped="0">
  <testcase classname="com.SwiZo.ability.PTTest" name="PT" time="15.214"/>
  <system-out/>
</testsuite> <!-- com.SwiZo.ability.PTTest -->
