<?xml version="1.0" encoding="UTF-8"?>
<!-- Generated by org.testng.reporters.JUnitReportReporter -->
<testsuite hostname="DESKTOP-LC2OIGE" failures="0" tests="1" name="com.SwiZo.reckoring.InvoicePage" time="11.072" errors="0" timestamp="2021-09-30T18:03:01 IST" skipped="0">
  <testcase classname="com.SwiZo.reckoring.InvoicePage" name="invoice" time="11.072"/>
  <system-out/>
</testsuite> <!-- com.SwiZo.reckoring.InvoicePage -->
