<?xml version="1.0" encoding="UTF-8"?>
<!-- Generated by org.testng.reporters.JUnitReportReporter -->
<testsuite hostname="DESKTOP-LC2OIGE" failures="0" tests="1" name="com.SwiZo.ability.PTTest" time="17.053" errors="0" timestamp="2021-09-11T13:18:58 IST" skipped="0">
  <testcase classname="com.SwiZo.ability.PTTest" name="main" time="17.053"/>
  <system-out/>
</testsuite> <!-- com.SwiZo.ability.PTTest -->
