<?xml version="1.0" encoding="UTF-8"?>
<!-- Generated by org.testng.reporters.JUnitReportReporter -->
<testsuite hostname="DESKTOP-LC2OIGE" failures="0" tests="1" name="com.SwiZo.reckoring.InvoicePage" time="17.333" errors="0" timestamp="2021-09-14T12:26:53 IST" skipped="0">
  <testcase classname="com.SwiZo.reckoring.InvoicePage" name="invoice" time="17.333"/>
  <system-out/>
</testsuite> <!-- com.SwiZo.reckoring.InvoicePage -->
