<?xml version="1.0" encoding="UTF-8"?>
<!-- Generated by org.testng.reporters.JUnitReportReporter -->
<testsuite hostname="DESKTOP-LC2OIGE" failures="0" tests="1" name="com.SwiZo.ability.PotentialPageTest" time="13.589" errors="0" timestamp="2021-09-14T11:26:06 IST" skipped="0">
  <testcase classname="com.SwiZo.ability.PotentialPageTest" name="main" time="13.589"/>
  <system-out/>
</testsuite> <!-- com.SwiZo.ability.PotentialPageTest -->
