<?xml version="1.0" encoding="UTF-8"?>
<!-- Generated by org.testng.reporters.JUnitReportReporter -->
<testsuite hostname="DESKTOP-LC2OIGE" failures="0" tests="1" name="com.SwiZo.importunity.PurchaseTest" time="16.255" errors="0" timestamp="2021-09-11T13:18:58 IST" skipped="0">
  <testcase classname="com.SwiZo.importunity.PurchaseTest" name="main" time="16.255"/>
  <system-out/>
</testsuite> <!-- com.SwiZo.importunity.PurchaseTest -->
