<?xml version="1.0" encoding="UTF-8"?>
<!-- Generated by org.testng.reporters.JUnitReportReporter -->
<testsuite hostname="DESKTOP-LC2OIGE" failures="0" tests="1" name="com.SwiZo.specimen.CreateCasePage1" time="17.547" errors="0" timestamp="2021-09-30T18:26:20 IST" skipped="0">
  <testcase classname="com.SwiZo.specimen.CreateCasePage1" name="Case" time="17.547"/>
  <system-out/>
</testsuite> <!-- com.SwiZo.specimen.CreateCasePage1 -->
