<?xml version="1.0" encoding="UTF-8"?>
<!-- Generated by org.testng.reporters.JUnitReportReporter -->
<testsuite hostname="DESKTOP-LC2OIGE" failures="0" tests="1" name="com.SwiZo.proximity.EditContactTest" time="16.369" errors="0" timestamp="2021-09-30T18:03:01 IST" skipped="0">
  <testcase classname="com.SwiZo.proximity.EditContactTest" name="EditContact" time="16.369"/>
  <system-out/>
</testsuite> <!-- com.SwiZo.proximity.EditContactTest -->
