<?xml version="1.0" encoding="UTF-8"?>
<!-- Generated by org.testng.reporters.JUnitReportReporter -->
<testsuite hostname="DESKTOP-LC2OIGE" failures="0" tests="1" name="com.SwiZo.ability.PTTest" time="26.356" errors="0" timestamp="2021-09-13T13:43:38 IST" skipped="0">
  <testcase classname="com.SwiZo.ability.PTTest" name="main" time="26.356"/>
  <system-out/>
</testsuite> <!-- com.SwiZo.ability.PTTest -->
