<?xml version="1.0" encoding="UTF-8"?>
<!-- Generated by org.testng.reporters.JUnitReportReporter -->
<testsuite hostname="DESKTOP-LC2OIGE" failures="0" tests="1" name="com.SwiZo.specimen.CreateCasePage1" time="24.749" errors="0" timestamp="2021-09-14T12:26:53 IST" skipped="0">
  <testcase classname="com.SwiZo.specimen.CreateCasePage1" name="main" time="24.749"/>
  <system-out/>
</testsuite> <!-- com.SwiZo.specimen.CreateCasePage1 -->
