<?xml version="1.0" encoding="UTF-8"?>
<!-- Generated by org.testng.reporters.JUnitReportReporter -->
<testsuite hostname="DESKTOP-LC2OIGE" failures="0" tests="1" name="com.SwiZo.relay.Reports1" time="3.996" errors="0" timestamp="2021-09-23T16:58:41 IST" skipped="0">
  <testcase classname="com.SwiZo.relay.Reports1" name="Reports" time="3.996"/>
  <system-out/>
</testsuite> <!-- com.SwiZo.relay.Reports1 -->
