<?xml version="1.0" encoding="UTF-8"?>
<!-- Generated by org.testng.reporters.JUnitReportReporter -->
<testsuite hostname="DESKTOP-LC2OIGE" failures="0" tests="1" name="com.SwiZo.communique.CreateAccountTest" time="16.011" errors="0" timestamp="2021-09-09T10:51:00 IST" skipped="0">
  <testcase classname="com.SwiZo.communique.CreateAccountTest" name="main" time="16.011"/>
  <system-out/>
</testsuite> <!-- com.SwiZo.communique.CreateAccountTest -->
