<?xml version="1.0" encoding="UTF-8"?>
<!-- Generated by org.testng.reporters.JUnitReportReporter -->
<testsuite hostname="DESKTOP-LC2OIGE" failures="0" tests="1" name="com.SwiZo.ability.PTTest" time="12.208" errors="0" timestamp="2021-09-14T12:26:53 IST" skipped="0">
  <testcase classname="com.SwiZo.ability.PTTest" name="main" time="12.208"/>
  <system-out/>
</testsuite> <!-- com.SwiZo.ability.PTTest -->
