<?xml version="1.0" encoding="UTF-8"?>
<!-- Generated by org.testng.reporters.JUnitReportReporter -->
<testsuite hostname="DESKTOP-LC2OIGE" failures="0" tests="1" name="com.SwiZo.reckoring.InvoicePage" time="13.632" errors="0" timestamp="2021-09-13T13:48:19 IST" skipped="0">
  <testcase classname="com.SwiZo.reckoring.InvoicePage" name="invoice" time="13.632"/>
  <system-out/>
</testsuite> <!-- com.SwiZo.reckoring.InvoicePage -->
