<?xml version="1.0" encoding="UTF-8"?>
<!-- Generated by org.testng.reporters.JUnitReportReporter -->
<testsuite hostname="DESKTOP-LC2OIGE" failures="0" tests="1" name="com.SwiZo.ability.PTTest" time="13.622" errors="0" timestamp="2021-10-04T17:50:20 IST" skipped="0">
  <testcase classname="com.SwiZo.ability.PTTest" name="PT" time="13.622"/>
  <system-out/>
</testsuite> <!-- com.SwiZo.ability.PTTest -->
