<?xml version="1.0" encoding="UTF-8"?>
<!-- Generated by org.testng.reporters.JUnitReportReporter -->
<testsuite hostname="DESKTOP-LC2OIGE" failures="0" tests="1" name="com.SwiZo.specimen.CreateCasePage1" time="16.618" errors="0" timestamp="2021-10-02T13:45:48 IST" skipped="0">
  <testcase classname="com.SwiZo.specimen.CreateCasePage1" name="Case" time="16.618"/>
  <system-out/>
</testsuite> <!-- com.SwiZo.specimen.CreateCasePage1 -->
