<?xml version="1.0" encoding="UTF-8"?>
<!-- Generated by org.testng.reporters.JUnitReportReporter -->
<testsuite hostname="DESKTOP-0PLJKRS" failures="0" tests="1" name="com.parameters.HamcrestVerificationTest" time="4.021" errors="0" timestamp="2023-06-16T21:19:40 IST" skipped="0">
  <testcase classname="com.parameters.HamcrestVerificationTest" name="ham" time="4.021"/>
  <system-out/>
</testsuite> <!-- com.parameters.HamcrestVerificationTest -->
