<?xml version="1.0" encoding="UTF-8"?>
<!-- Generated by org.testng.reporters.JUnitReportReporter -->
<testsuite hostname="DESKTOP-LC2OIGE" failures="0" tests="1" name="com.Authentication.BasicAuthTest" time="3.063" errors="0" timestamp="2021-12-03T12:09:44 IST" skipped="0">
  <testcase classname="com.Authentication.BasicAuthTest" name="basicauth" time="3.063"/>
  <system-out/>
</testsuite> <!-- com.Authentication.BasicAuthTest -->
