<?xml version="1.0" encoding="UTF-8"?>
<!-- Generated by org.testng.reporters.JUnitReportReporter -->
<testsuite hostname="DESKTOP-LC2OIGE" failures="0" tests="1" name="com.rmgyantra.fourwaysToPostReq.Usingjsonfile" time="2.829" errors="0" timestamp="2021-12-01T15:49:13 IST" skipped="0">
  <testcase classname="com.rmgyantra.fourwaysToPostReq.Usingjsonfile" name="usingjsonfile" time="2.829"/>
  <system-out/>
</testsuite> <!-- com.rmgyantra.fourwaysToPostReq.Usingjsonfile -->
