<?xml version="1.0" encoding="UTF-8"?>
<!-- Generated by org.testng.reporters.JUnitReportReporter -->
<testsuite hostname="DESKTOP-LC2OIGE" failures="0" tests="1" name="com.Authentication.Auth2Test" time="6.296" errors="0" timestamp="2021-12-03T13:31:30 IST" skipped="0">
  <testcase classname="com.Authentication.Auth2Test" name="oauth2" time="6.296"/>
  <system-out/>
</testsuite> <!-- com.Authentication.Auth2Test -->
