<?xml version="1.0" encoding="UTF-8"?>
<!-- Generated by org.testng.reporters.JUnitReportReporter -->
<testsuite hostname="DESKTOP-LC2OIGE" failures="0" tests="1" name="com.rmgyantra.withoutBDD.UpdateProjectTest" time="2.457" errors="0" timestamp="2021-12-04T20:26:35 IST" skipped="0">
  <testcase classname="com.rmgyantra.withoutBDD.UpdateProjectTest" name="updateproject" time="2.457"/>
  <system-out/>
</testsuite> <!-- com.rmgyantra.withoutBDD.UpdateProjectTest -->
