<?xml version="1.0" encoding="UTF-8"?>
<!-- Generated by org.testng.reporters.JUnitReportReporter -->
<testsuite hostname="DESKTOP-LC2OIGE" failures="0" tests="1" name="com.rmgyantra.fourwaysToPostReq.UsingHashMap" time="2.892" errors="0" timestamp="2021-12-01T15:35:45 IST" skipped="0">
  <testcase classname="com.rmgyantra.fourwaysToPostReq.UsingHashMap" name="usinghashmap" time="2.892"/>
  <system-out/>
</testsuite> <!-- com.rmgyantra.fourwaysToPostReq.UsingHashMap -->
