<?xml version="1.0" encoding="UTF-8"?>
<!-- Generated by org.testng.reporters.JUnitReportReporter -->
<testsuite hostname="DESKTOP-0PLJKRS" failures="0" tests="1" name="com.rmgyantra.withoutBDD.GETProjectTest" time="3.902" errors="0" timestamp="2023-06-16T16:09:19 IST" skipped="0">
  <testcase classname="com.rmgyantra.withoutBDD.GETProjectTest" name="getallProject" time="3.902"/>
  <system-out/>
</testsuite> <!-- com.rmgyantra.withoutBDD.GETProjectTest -->
