<?xml version="1.0" encoding="UTF-8"?>
<!-- Generated by org.testng.reporters.JUnitReportReporter -->
<testsuite hostname="DESKTOP-LC2OIGE" failures="0" tests="1" name="com.rmgyantra.withBDD.GETAllProjects" time="2.606" errors="0" timestamp="2021-12-01T11:57:08 IST" skipped="0">
  <testcase classname="com.rmgyantra.withBDD.GETAllProjects" name="getallprojects" time="2.606"/>
  <system-out/>
</testsuite> <!-- com.rmgyantra.withBDD.GETAllProjects -->
