<?xml version="1.0" encoding="UTF-8"?>
<!-- Generated by org.testng.reporters.JUnitReportReporter -->
<testsuite hostname="DESKTOP-LC2OIGE" failures="0" tests="2" name="com.Authentication.PremptiveAndDigestiveAuthTest" time="2.995" errors="0" timestamp="2021-12-03T16:11:15 IST" skipped="0">
  <testcase classname="com.Authentication.PremptiveAndDigestiveAuthTest" name="digestive" time="2.742"/>
  <system-out/>
  <testcase classname="com.Authentication.PremptiveAndDigestiveAuthTest" name="premptiveauth" time="0.253"/>
  <system-out/>
</testsuite> <!-- com.Authentication.PremptiveAndDigestiveAuthTest -->
