<?xml version="1.0" encoding="UTF-8"?>
<!-- Generated by org.testng.reporters.JUnitReportReporter -->
<testsuite hostname="DESKTOP-LC2OIGE" failures="0" tests="1" name="com.rmgyantra.ProjectTest.CreateProjectWithCompletedStatus" time="4.872" errors="0" timestamp="2021-12-03T15:52:36 IST" skipped="0">
  <testcase classname="com.rmgyantra.ProjectTest.CreateProjectWithCompletedStatus" name="createprojectwithcompletedstatus" time="4.872"/>
  <system-out/>
</testsuite> <!-- com.rmgyantra.ProjectTest.CreateProjectWithCompletedStatus -->
