<?xml version="1.0" encoding="UTF-8"?>
<!-- Generated by org.testng.reporters.JUnitReportReporter -->
<testsuite hostname="DESKTOP-LC2OIGE" failures="0" tests="1" name="com.RequestChaining.ChainingTest" time="2.609" errors="0" timestamp="2021-12-05T14:03:31 IST" skipped="0">
  <testcase classname="com.RequestChaining.ChainingTest" name="chaining" time="2.609"/>
  <system-out/>
</testsuite> <!-- com.RequestChaining.ChainingTest -->
