<?xml version="1.0" encoding="UTF-8"?>
<!-- Generated by org.testng.reporters.JUnitReportReporter -->
<testsuite hostname="DESKTOP-LC2OIGE" failures="0" tests="1" name="com.parameters.QueryParameterTest" time="6.887" errors="0" timestamp="2021-12-02T14:56:48 IST" skipped="0">
  <testcase classname="com.parameters.QueryParameterTest" name="queryparameter" time="6.887"/>
  <system-out/>
</testsuite> <!-- com.parameters.QueryParameterTest -->
