<?xml version="1.0" encoding="UTF-8"?>
<!-- Generated by org.testng.reporters.JUnitReportReporter -->
<testsuite hostname="DESKTOP-0PLJKRS" failures="0" tests="1" name="com.parameters.PathParameterTest" time="3.463" errors="0" timestamp="2023-06-16T21:07:29 IST" skipped="0">
  <testcase classname="com.parameters.PathParameterTest" name="parameter" time="3.463"/>
  <system-out/>
</testsuite> <!-- com.parameters.PathParameterTest -->
