<?xml version="1.0" encoding="UTF-8"?>
<!-- Generated by org.testng.reporters.JUnitReportReporter -->
<testsuite hostname="DESKTOP-LC2OIGE" failures="0" tests="1" name="com.Response.validation.validateDynamicResponse" time="3.716" errors="0" timestamp="2021-12-02T12:44:56 IST" skipped="0">
  <testcase classname="com.Response.validation.validateDynamicResponse" name="dynamicResponse" time="3.716"/>
  <system-out/>
</testsuite> <!-- com.Response.validation.validateDynamicResponse -->
