<?xml version="1.0" encoding="UTF-8"?>
<!-- Generated by org.testng.reporters.JUnitReportReporter -->
<testsuite hostname="DESKTOP-LC2OIGE" failures="0" tests="1" name="com.rmgyantra.ProjectWithFramework.CreateProjectWithCompleteStatusTest" time="3.611" errors="0" timestamp="2021-12-05T13:29:11 IST" skipped="0">
  <testcase classname="com.rmgyantra.ProjectWithFramework.CreateProjectWithCompleteStatusTest" name="createprojectwithcompletedstatus" time="3.611"/>
  <system-out/>
</testsuite> <!-- com.rmgyantra.ProjectWithFramework.CreateProjectWithCompleteStatusTest -->
