<?xml version="1.0" encoding="UTF-8"?>
<!-- Generated by org.testng.reporters.JUnitReportReporter -->
<testsuite hostname="DESKTOP-LC2OIGE" failures="0" tests="1" name="com.rmgyantra.withBDD.UPDATEProjectTest" time="3.014" errors="0" timestamp="2021-12-01T15:02:11 IST" skipped="0">
  <testcase classname="com.rmgyantra.withBDD.UPDATEProjectTest" name="updateproject" time="3.014"/>
  <system-out/>
</testsuite> <!-- com.rmgyantra.withBDD.UPDATEProjectTest -->
