<?xml version="1.0" encoding="UTF-8"?>
<!-- Generated by org.testng.reporters.JUnitReportReporter -->
<testsuite hostname="DESKTOP-LC2OIGE" failures="0" tests="4" name="com.Response.validation.CreateProjectUsingMultipleDataTest" time="3.773" errors="0" timestamp="2021-12-02T11:36:21 IST" skipped="0">
  <testcase classname="com.Response.validation.CreateProjectUsingMultipleDataTest" name="createMultipleProject" time="0.138"/>
  <system-out/>
  <testcase classname="com.Response.validation.CreateProjectUsingMultipleDataTest" name="createMultipleProject" time="3.315"/>
  <system-out/>
  <testcase classname="com.Response.validation.CreateProjectUsingMultipleDataTest" name="createMultipleProject" time="0.161"/>
  <system-out/>
  <testcase classname="com.Response.validation.CreateProjectUsingMultipleDataTest" name="createMultipleProject" time="0.159"/>
  <system-out/>
</testsuite> <!-- com.Response.validation.CreateProjectUsingMultipleDataTest -->
