<?xml version="1.0" encoding="UTF-8"?>
<!-- Generated by org.testng.reporters.JUnitReportReporter -->
<testsuite hostname="DESKTOP-0PLJKRS" failures="0" tests="1" name="com.Authentication.Auth2Test" time="5.540" errors="0" timestamp="2023-06-16T21:27:10 IST" skipped="0">
  <testcase classname="com.Authentication.Auth2Test" name="oauth2" time="5.540"/>
  <system-out/>
</testsuite> <!-- com.Authentication.Auth2Test -->
