<?xml version="1.0" encoding="UTF-8"?>
<!-- Generated by org.testng.reporters.JUnitReportReporter -->
<testsuite hostname="DESKTOP-LC2OIGE" failures="0" tests="1" name="com.rmgyantra.withBDD.CreateProject" time="3.150" errors="0" timestamp="2021-12-01T15:40:57 IST" skipped="0">
  <testcase classname="com.rmgyantra.withBDD.CreateProject" name="createproject" time="3.150"/>
  <system-out/>
</testsuite> <!-- com.rmgyantra.withBDD.CreateProject -->
