<?xml version="1.0" encoding="UTF-8"?>
<!-- Generated by org.testng.reporters.JUnitReportReporter -->
<testsuite hostname="DESKTOP-LC2OIGE" failures="0" tests="1" name="com.Authentication.BearerTokenTest" time="4.988" errors="0" timestamp="2021-12-03T12:17:18 IST" skipped="0">
  <testcase classname="com.Authentication.BearerTokenTest" name="bearertoken" time="4.988"/>
  <system-out/>
</testsuite> <!-- com.Authentication.BearerTokenTest -->
