<?xml version="1.0" encoding="UTF-8"?>
<!-- Generated by org.testng.reporters.JUnitReportReporter -->
<testsuite hostname="DESKTOP-0PLJKRS" failures="0" tests="1" name="com.rmgyantra.fourwaysToPostReq.Usingjsonfile" time="3.594" errors="0" timestamp="2023-06-16T16:43:45 IST" skipped="0">
  <testcase classname="com.rmgyantra.fourwaysToPostReq.Usingjsonfile" name="usingjsonfile" time="3.594"/>
  <system-out/>
</testsuite> <!-- com.rmgyantra.fourwaysToPostReq.Usingjsonfile -->
