<?xml version="1.0" encoding="UTF-8"?>
<!-- Generated by org.testng.reporters.JUnitReportReporter -->
<testsuite hostname="DESKTOP-0PLJKRS" failures="0" tests="1" name="com.rmgyantra.fourwaysToPostReq.UsingHashMap" time="4.471" errors="0" timestamp="2023-06-16T16:42:41 IST" skipped="0">
  <testcase classname="com.rmgyantra.fourwaysToPostReq.UsingHashMap" name="usinghashmap" time="4.471"/>
  <system-out/>
</testsuite> <!-- com.rmgyantra.fourwaysToPostReq.UsingHashMap -->
