<?xml version="1.0" encoding="UTF-8"?>
<!-- Generated by org.testng.reporters.JUnitReportReporter -->
<testsuite hostname="DESKTOP-LC2OIGE" failures="0" tests="1" name="com.RequestChaining.CreateProjectWithCompletedStatus" time="4.434" errors="0" timestamp="2021-12-04T12:16:59 IST" skipped="0">
  <testcase classname="com.RequestChaining.CreateProjectWithCompletedStatus" name="createprojectwithcompletedstatus" time="4.434"/>
  <system-out/>
</testsuite> <!-- com.RequestChaining.CreateProjectWithCompletedStatus -->
