<?xml version="1.0" encoding="UTF-8"?>
<!-- Generated by org.testng.reporters.JUnitReportReporter -->
<testsuite hostname="DESKTOP-LC2OIGE" failures="0" tests="1" name="com.parameters.PathParameterTest" time="2.748" errors="0" timestamp="2021-12-02T14:49:46 IST" skipped="0">
  <testcase classname="com.parameters.PathParameterTest" name="parameter" time="2.748"/>
  <system-out/>
</testsuite> <!-- com.parameters.PathParameterTest -->
