<?xml version="1.0" encoding="UTF-8"?>
<!-- Generated by org.testng.reporters.JUnitReportReporter -->
<testsuite hostname="DESKTOP-0PLJKRS" failures="0" tests="1" name="com.Authentication.BearerTokenTest" time="5.298" errors="0" timestamp="2023-06-16T21:24:32 IST" skipped="0">
  <testcase classname="com.Authentication.BearerTokenTest" name="bearertoken" time="5.298"/>
  <system-out/>
</testsuite> <!-- com.Authentication.BearerTokenTest -->
