<?xml version="1.0" encoding="UTF-8"?>
<!-- Generated by org.testng.reporters.JUnitReportReporter -->
<testsuite hostname="DESKTOP-LC2OIGE" failures="0" tests="1" name="com.rmgyantra.withoutBDD.PostProjectTest" time="2.434" errors="0" timestamp="2021-12-04T20:26:54 IST" skipped="0">
  <testcase classname="com.rmgyantra.withoutBDD.PostProjectTest" name="createproject" time="2.434"/>
  <system-out/>
</testsuite> <!-- com.rmgyantra.withoutBDD.PostProjectTest -->
