<?xml version="1.0" encoding="UTF-8"?>
<!-- Generated by org.testng.reporters.JUnitReportReporter -->
<testsuite hostname="DESKTOP-0PLJKRS" failures="0" tests="1" name="com.rmgyantra.ProjectWithFramework.CreateProjectWithCompleteStatusTest" time="2.968" errors="0" timestamp="2022-11-08T20:09:14 IST" skipped="0">
  <testcase classname="com.rmgyantra.ProjectWithFramework.CreateProjectWithCompleteStatusTest" name="createprojectwithcompletedstatus" time="2.968"/>
  <system-out/>
</testsuite> <!-- com.rmgyantra.ProjectWithFramework.CreateProjectWithCompleteStatusTest -->
