<?xml version="1.0" encoding="UTF-8"?>
<!-- Generated by org.testng.reporters.JUnitReportReporter -->
<testsuite hostname="DESKTOP-LC2OIGE" failures="0" tests="1" name="com.parameters.PathParameterUsingGitTest" time="4.281" errors="0" timestamp="2021-12-02T15:49:26 IST" skipped="0">
  <testcase classname="com.parameters.PathParameterUsingGitTest" name="pathparameterusingGit" time="4.281"/>
  <system-out/>
</testsuite> <!-- com.parameters.PathParameterUsingGitTest -->
