<?xml version="1.0" encoding="UTF-8"?>
<!-- Generated by org.testng.reporters.JUnitReportReporter -->
<testsuite hostname="DESKTOP-LC2OIGE" failures="0" tests="1" name="com.rmgyantra.ProjectWithFramework.CreateProjectWithCompleteStatusTest" time="5.935" errors="0" timestamp="2021-12-07T14:38:26 IST" skipped="0">
  <testcase classname="com.rmgyantra.ProjectWithFramework.CreateProjectWithCompleteStatusTest" name="createprojectwithcompletedstatus" time="5.935"/>
  <system-out/>
</testsuite> <!-- com.rmgyantra.ProjectWithFramework.CreateProjectWithCompleteStatusTest -->
