<?xml version="1.0" encoding="UTF-8"?>
<!-- Generated by org.testng.reporters.JUnitReportReporter -->
<testsuite hostname="DESKTOP-LC2OIGE" failures="0" tests="1" name="com.Response.validation.ValidationStaticResponseTest" time="3.754" errors="0" timestamp="2021-12-02T12:29:01 IST" skipped="0">
  <testcase classname="com.Response.validation.ValidationStaticResponseTest" name="validationstaticResponse" time="3.754"/>
  <system-out/>
</testsuite> <!-- com.Response.validation.ValidationStaticResponseTest -->
