<?xml version="1.0" encoding="UTF-8"?>
<!-- Generated by org.testng.reporters.JUnitReportReporter -->
<testsuite hostname="DESKTOP-0PLJKRS" failures="0" tests="1" name="com.parameters.PathParameterUsingGitTest" time="4.744" errors="0" timestamp="2023-06-16T21:08:21 IST" skipped="0">
  <testcase classname="com.parameters.PathParameterUsingGitTest" name="pathparameterusingGit" time="4.744"/>
  <system-out/>
</testsuite> <!-- com.parameters.PathParameterUsingGitTest -->
