<?xml version="1.0" encoding="UTF-8"?>
<!-- Generated by org.testng.reporters.JUnitReportReporter -->
<testsuite hostname="DESKTOP-LC2OIGE" failures="0" tests="1" name="com.rmgyantra.withoutBDD.GETProjectTest" time="1.894" errors="0" timestamp="2021-12-04T20:23:41 IST" skipped="0">
  <testcase classname="com.rmgyantra.withoutBDD.GETProjectTest" name="getallProject" time="1.894"/>
  <system-out/>
</testsuite> <!-- com.rmgyantra.withoutBDD.GETProjectTest -->
