<?xml version="1.0" encoding="UTF-8"?>
<!-- Generated by org.testng.reporters.JUnitReportReporter -->
<testsuite hostname="DESKTOP-LC2OIGE" failures="0" tests="1" name="com.rmgyantra.withoutBDD.DeleteProjectTest" time="1.805" errors="0" timestamp="2021-12-04T20:23:10 IST" skipped="0">
  <testcase classname="com.rmgyantra.withoutBDD.DeleteProjectTest" name="deleteproject" time="1.805"/>
  <system-out/>
</testsuite> <!-- com.rmgyantra.withoutBDD.DeleteProjectTest -->
