<?xml version="1.0" encoding="UTF-8"?>
<!-- Generated by org.testng.reporters.JUnitReportReporter -->
<testsuite hostname="DESKTOP-0PLJKRS" failures="0" tests="1" name="com.rmgyantra.ProjectTest.CreateProjectWithCompletedStatus" time="3.373" errors="0" timestamp="2022-11-08T20:11:06 IST" skipped="0">
  <testcase classname="com.rmgyantra.ProjectTest.CreateProjectWithCompletedStatus" name="createprojectwithcompletedstatus" time="3.373"/>
  <system-out/>
</testsuite> <!-- com.rmgyantra.ProjectTest.CreateProjectWithCompletedStatus -->
