<?xml version="1.0" encoding="UTF-8"?>
<!-- Generated by org.testng.reporters.JUnitReportReporter -->
<testsuite hostname="DESKTOP-LC2OIGE" failures="0" tests="1" name="com.parameters.FormParameterTest" time="2.602" errors="0" timestamp="2021-12-02T15:16:39 IST" skipped="0">
  <testcase classname="com.parameters.FormParameterTest" name="formparameter" time="2.602"/>
  <system-out/>
</testsuite> <!-- com.parameters.FormParameterTest -->
