<?xml version="1.0" encoding="UTF-8"?>
<!-- Generated by org.testng.reporters.JUnitReportReporter -->
<testsuite hostname="DESKTOP-LC2OIGE" failures="0" tests="1" name="com.rmgyantra.fourwaysToPostReq.UsingPojoClassTest" time="4.088" errors="0" timestamp="2021-12-02T11:16:44 IST" skipped="0">
  <testcase classname="com.rmgyantra.fourwaysToPostReq.UsingPojoClassTest" name="createpojo" time="4.088"/>
  <system-out/>
</testsuite> <!-- com.rmgyantra.fourwaysToPostReq.UsingPojoClassTest -->
