<?xml version="1.0" encoding="UTF-8"?>
<!-- Generated by org.testng.reporters.JUnitReportReporter -->
<testsuite hostname="DESKTOP-LC2OIGE" failures="0" tests="1" name="com.rmgyantra.withBDD.DeleteProjectTest" time="2.635" errors="0" timestamp="2021-12-01T15:03:48 IST" skipped="0">
  <testcase classname="com.rmgyantra.withBDD.DeleteProjectTest" name="deleteprojects" time="2.635"/>
  <system-out/>
</testsuite> <!-- com.rmgyantra.withBDD.DeleteProjectTest -->
