<?xml version="1.0" encoding="UTF-8"?>
<!-- Generated by org.testng.reporters.JUnitReportReporter -->
<testsuite hostname="DESKTOP-0PLJKRS" failures="0" tests="1" name="project.pojolibrary.ComplexPayload.CreateNestedJsonFromPojoClass" time="0.430" errors="0" timestamp="2023-07-19T20:44:52 IST" skipped="0">
  <testcase classname="project.pojolibrary.ComplexPayload.CreateNestedJsonFromPojoClass" name="nested" time="0.430"/>
  <system-out/>
</testsuite> <!-- project.pojolibrary.ComplexPayload.CreateNestedJsonFromPojoClass -->
