<?xml version="1.0" encoding="UTF-8"?>
<!-- Generated by org.testng.reporters.JUnitReportReporter -->
<testsuite hostname="DESKTOP-0PLJKRS" failures="0" tests="1" name="com.rmgyantra.fourwaysToPostReq.UsingPojoClassTest" time="4.701" errors="0" timestamp="2023-06-16T16:50:25 IST" skipped="0">
  <testcase classname="com.rmgyantra.fourwaysToPostReq.UsingPojoClassTest" name="createpojo" time="4.701"/>
  <system-out/>
</testsuite> <!-- com.rmgyantra.fourwaysToPostReq.UsingPojoClassTest -->
