<?xml version="1.0" encoding="UTF-8"?>
<!-- Generated by org.testng.reporters.JUnitReportReporter -->
<testsuite hostname="DESKTOP-0PLJKRS" failures="0" tests="1" name="com.parameters.QueryParameterTest" time="5.741" errors="0" timestamp="2023-06-16T21:13:56 IST" skipped="0">
  <testcase classname="com.parameters.QueryParameterTest" name="queryparameter" time="5.741"/>
  <system-out/>
</testsuite> <!-- com.parameters.QueryParameterTest -->
