<?xml version="1.0" encoding="UTF-8"?>
<!-- Generated by org.testng.reporters.JUnitReportReporter -->
<testsuite hostname="DESKTOP-0PLJKRS" failures="0" tests="1" name="com.rmgyantra.withoutBDD.DeleteProjectTest" time="3.236" errors="0" timestamp="2023-06-16T15:47:50 IST" skipped="0">
  <testcase classname="com.rmgyantra.withoutBDD.DeleteProjectTest" name="deleteproject" time="3.236"/>
  <system-out/>
</testsuite> <!-- com.rmgyantra.withoutBDD.DeleteProjectTest -->
