<?xml version="1.0" encoding="UTF-8"?>
<!-- Generated by org.testng.reporters.JUnitReportReporter -->
<testsuite hostname="DESKTOP-0PLJKRS" failures="0" tests="1" name="com.rmgyantra.withBDD.DeleteProjectTest" time="3.072" errors="0" timestamp="2023-06-16T16:28:03 IST" skipped="0">
  <testcase classname="com.rmgyantra.withBDD.DeleteProjectTest" name="deleteprojects" time="3.072"/>
  <system-out/>
</testsuite> <!-- com.rmgyantra.withBDD.DeleteProjectTest -->
