<?xml version="1.0" encoding="UTF-8"?>
<!-- Generated by org.testng.reporters.JUnitReportReporter -->
<testsuite hostname="DESKTOP-0PLJKRS" failures="0" tests="1" name="com.rmgyantra.fourwaysToPostReq.CreateProject" time="4.580" errors="0" timestamp="2023-06-16T16:34:35 IST" skipped="0">
  <testcase classname="com.rmgyantra.fourwaysToPostReq.CreateProject" name="createproject" time="4.580"/>
  <system-out/>
</testsuite> <!-- com.rmgyantra.fourwaysToPostReq.CreateProject -->
