<?xml version="1.0" encoding="UTF-8"?>
<!-- Generated by org.testng.reporters.JUnitReportReporter -->
<testsuite hostname="DESKTOP-0PLJKRS" failures="0" tests="2" name="com.Authentication.PremptiveAndDigestiveAuthTest" time="4.427" errors="0" timestamp="2023-06-18T20:26:51 IST" skipped="0">
  <testcase classname="com.Authentication.PremptiveAndDigestiveAuthTest" name="premptiveauth" time="0.953"/>
  <system-out/>
  <testcase classname="com.Authentication.PremptiveAndDigestiveAuthTest" name="digestive" time="3.474"/>
  <system-out/>
</testsuite> <!-- com.Authentication.PremptiveAndDigestiveAuthTest -->
