<?xml version="1.0" encoding="UTF-8"?>
<!-- Generated by org.testng.reporters.JUnitReportReporter -->
<testsuite hostname="DESKTOP-0PLJKRS" failures="0" tests="1" name="com.rmgyantra.ProjectWithFramework.CreateProjectWithCompleteStatusTest" time="3.159" errors="0" timestamp="2023-06-18T21:35:43 IST" skipped="0">
  <testcase classname="com.rmgyantra.ProjectWithFramework.CreateProjectWithCompleteStatusTest" name="createprojectwithcompletedstatus" time="3.159"/>
  <system-out/>
</testsuite> <!-- com.rmgyantra.ProjectWithFramework.CreateProjectWithCompleteStatusTest -->
