<?xml version="1.0" encoding="UTF-8"?>
<!-- Generated by org.testng.reporters.JUnitReportReporter -->
<testsuite hostname="DESKTOP-0PLJKRS" failures="0" tests="1" name="com.parameters.FormParameterTest" time="3.324" errors="0" timestamp="2023-06-16T21:00:47 IST" skipped="0">
  <testcase classname="com.parameters.FormParameterTest" name="formparameter" time="3.324"/>
  <system-out/>
</testsuite> <!-- com.parameters.FormParameterTest -->
