<?xml version="1.0" encoding="UTF-8"?>
<!-- Generated by org.testng.reporters.JUnitReportReporter -->
<testsuite hostname="DESKTOP-0PLJKRS" failures="0" tests="1" name="com.rmgyantra.withBDD.CreateProject" time="4.587" errors="0" timestamp="2023-06-16T16:27:17 IST" skipped="0">
  <testcase classname="com.rmgyantra.withBDD.CreateProject" name="createproject" time="4.587"/>
  <system-out/>
</testsuite> <!-- com.rmgyantra.withBDD.CreateProject -->
