<?xml version="1.0" encoding="UTF-8"?>
<!-- Generated by org.testng.reporters.JUnitReportReporter -->
<testsuite hostname="DESKTOP-0PLJKRS" failures="0" tests="4" name="com.Response.validation.PojoClassWithDataProvider" time="5.048" errors="0" timestamp="2023-06-16T16:55:09 IST" skipped="0">
  <testcase classname="com.Response.validation.PojoClassWithDataProvider" name="createMultipleProject" time="4.708"/>
  <system-out/>
  <testcase classname="com.Response.validation.PojoClassWithDataProvider" name="createMultipleProject" time="0.085"/>
  <system-out/>
  <testcase classname="com.Response.validation.PojoClassWithDataProvider" name="createMultipleProject" time="0.165"/>
  <system-out/>
  <testcase classname="com.Response.validation.PojoClassWithDataProvider" name="createMultipleProject" time="0.090"/>
  <system-out/>
</testsuite> <!-- com.Response.validation.PojoClassWithDataProvider -->
