<?xml version="1.0" encoding="UTF-8"?>
<!-- Generated by org.testng.reporters.JUnitReportReporter -->
<testsuite hostname="DESKTOP-0PLJKRS" failures="0" tests="1" name="com.Response.validation.validateDynamicResponse" time="4.852" errors="0" timestamp="2023-06-16T17:09:45 IST" skipped="0">
  <testcase classname="com.Response.validation.validateDynamicResponse" name="dynamicResponse" time="4.852"/>
  <system-out/>
</testsuite> <!-- com.Response.validation.validateDynamicResponse -->
