<?xml version="1.0" encoding="UTF-8"?>
<!-- Generated by org.testng.reporters.JUnitReportReporter -->
<testsuite hostname="DESKTOP-0PLJKRS" failures="0" tests="1" name="com.rmgyantra.withoutBDD.UpdateProjectTest" time="5.225" errors="0" timestamp="2023-06-16T16:32:13 IST" skipped="0">
  <testcase classname="com.rmgyantra.withoutBDD.UpdateProjectTest" name="updateproject" time="5.225"/>
  <system-out/>
</testsuite> <!-- com.rmgyantra.withoutBDD.UpdateProjectTest -->
