<?xml version="1.0" encoding="UTF-8"?>
<!-- Generated by org.testng.reporters.JUnitReportReporter -->
<testsuite hostname="DESKTOP-0PLJKRS" failures="0" tests="1" name="com.rmgyantra.withBDD.UPDATEProjectTest" time="4.535" errors="0" timestamp="2023-06-16T16:33:16 IST" skipped="0">
  <testcase classname="com.rmgyantra.withBDD.UPDATEProjectTest" name="updateproject" time="4.535"/>
  <system-out/>
</testsuite> <!-- com.rmgyantra.withBDD.UPDATEProjectTest -->
