<?xml version="1.0" encoding="UTF-8"?>
<!-- Generated by org.testng.reporters.JUnitReportReporter -->
<testsuite hostname="DESKTOP-0PLJKRS" failures="0" tests="1" name="com.Response.validation.ValidationStaticResponseTest" time="4.666" errors="0" timestamp="2023-06-16T17:07:44 IST" skipped="0">
  <testcase classname="com.Response.validation.ValidationStaticResponseTest" name="validationstaticResponse" time="4.666"/>
  <system-out/>
</testsuite> <!-- com.Response.validation.ValidationStaticResponseTest -->
