<?xml version="1.0" encoding="UTF-8"?>
<!-- Generated by org.testng.reporters.JUnitReportReporter -->
<testsuite hostname="DESKTOP-0PLJKRS" failures="0" tests="1" name="com.RequestChaining.NewChainingTest" time="5.106" errors="0" timestamp="2023-06-16T20:59:06 IST" skipped="0">
  <testcase classname="com.RequestChaining.NewChainingTest" name="UsingAll4Methods" time="5.106"/>
  <system-out/>
</testsuite> <!-- com.RequestChaining.NewChainingTest -->
