<?xml version="1.0" encoding="UTF-8"?>
<!-- Generated by org.testng.reporters.JUnitReportReporter -->
<testsuite hostname="DESKTOP-0PLJKRS" failures="0" tests="1" name="com.Authentication.BasicAuthTest" time="4.542" errors="0" timestamp="2023-06-16T21:21:07 IST" skipped="0">
  <testcase classname="com.Authentication.BasicAuthTest" name="basicauth" time="4.542"/>
  <system-out/>
</testsuite> <!-- com.Authentication.BasicAuthTest -->
